<?xml version="1.0" encoding="UTF-8"?>
<testng-results ignored="0" total="2" passed="2" failed="0" skipped="0">
  <reporter-output>
  </reporter-output>
  <suite started-at="2023-08-07T08:06:14 IST" name="Default suite" finished-at="2023-08-07T08:06:38 IST" duration-ms="23278">
    <groups>
    </groups>
    <test started-at="2023-08-07T08:06:14 IST" name="Default test" finished-at="2023-08-07T08:06:38 IST" duration-ms="23278">
      <class name="com.automationversion1.testngconcepts.OrangeHRMTest">
        <test-method is-config="true" signature="dataSetUp()[pri:0, instance:com.automationversion1.testngconcepts.OrangeHRMTest@55b699ef]" started-at="2023-08-07T08:06:14 IST" name="dataSetUp" finished-at="2023-08-07T08:06:15 IST" duration-ms="28" status="PASS">
          <reporter-output>
          </reporter-output>
        </test-method> <!-- dataSetUp -->
        <test-method is-config="true" signature="setUP()[pri:0, instance:com.automationversion1.testngconcepts.OrangeHRMTest@55b699ef]" started-at="2023-08-07T08:06:15 IST" name="setUP" finished-at="2023-08-07T08:06:25 IST" duration-ms="10292" status="PASS">
          <reporter-output>
          </reporter-output>
        </test-method> <!-- setUP -->
        <test-method is-config="true" signature="orangeHRMLogin()[pri:0, instance:com.automationversion1.testngconcepts.OrangeHRMTest@55b699ef]" started-at="2023-08-07T08:06:25 IST" name="orangeHRMLogin" finished-at="2023-08-07T08:06:28 IST" duration-ms="3130" status="PASS">
          <reporter-output>
          </reporter-output>
        </test-method> <!-- orangeHRMLogin -->
        <test-method signature="adminPage()[pri:0, instance:com.automationversion1.testngconcepts.OrangeHRMTest@55b699ef]" started-at="2023-08-07T08:06:28 IST" name="adminPage" finished-at="2023-08-07T08:06:30 IST" duration-ms="1984" status="PASS">
          <reporter-output>
          </reporter-output>
        </test-method> <!-- adminPage -->
        <test-method is-config="true" signature="logOut()[pri:0, instance:com.automationversion1.testngconcepts.OrangeHRMTest@55b699ef]" started-at="2023-08-07T08:06:30 IST" name="logOut" finished-at="2023-08-07T08:06:32 IST" duration-ms="1670" status="PASS">
          <reporter-output>
          </reporter-output>
        </test-method> <!-- logOut -->
        <test-method is-config="true" signature="orangeHRMLogin()[pri:0, instance:com.automationversion1.testngconcepts.OrangeHRMTest@55b699ef]" started-at="2023-08-07T08:06:32 IST" name="orangeHRMLogin" finished-at="2023-08-07T08:06:33 IST" duration-ms="1764" status="PASS">
          <reporter-output>
          </reporter-output>
        </test-method> <!-- orangeHRMLogin -->
        <test-method signature="leavePage()[pri:0, instance:com.automationversion1.testngconcepts.OrangeHRMTest@55b699ef]" started-at="2023-08-07T08:06:33 IST" name="leavePage" finished-at="2023-08-07T08:06:35 IST" duration-ms="1941" status="PASS">
          <reporter-output>
          </reporter-output>
        </test-method> <!-- leavePage -->
        <test-method is-config="true" signature="logOut()[pri:0, instance:com.automationversion1.testngconcepts.OrangeHRMTest@55b699ef]" started-at="2023-08-07T08:06:35 IST" name="logOut" finished-at="2023-08-07T08:06:37 IST" duration-ms="1754" status="PASS">
          <reporter-output>
          </reporter-output>
        </test-method> <!-- logOut -->
        <test-method is-config="true" signature="tearDown()[pri:0, instance:com.automationversion1.testngconcepts.OrangeHRMTest@55b699ef]" started-at="2023-08-07T08:06:37 IST" name="tearDown" finished-at="2023-08-07T08:06:38 IST" duration-ms="533" status="PASS">
          <reporter-output>
          </reporter-output>
        </test-method> <!-- tearDown -->
      </class> <!-- com.automationversion1.testngconcepts.OrangeHRMTest -->
    </test> <!-- Default test -->
  </suite> <!-- Default suite -->
</testng-results>
