<?xml version="1.0" encoding="UTF-8"?>
<!-- Generated by org.testng.reporters.JUnitXMLReporter -->
<testsuite ignored="1" hostname="DESKTOP-7EP5NVJ" failures="1" tests="1" name="Test" time="0.097" errors="0" timestamp="2023-08-08T06:56:06 IST">
  <testcase classname="com.automationversion1.testngconcepts.OrangeHRMTest" name="adminPage" time="0.016">
    <failure type="java.lang.NullPointerException" message="Cannot invoke &amp;quot;org.openqa.selenium.WebDriver.findElement(org.openqa.selenium.By)&amp;quot; because &amp;quot;this.driver&amp;quot; is null">
      <![CDATA[java.lang.NullPointerException: Cannot invoke "org.openqa.selenium.WebDriver.findElement(org.openqa.selenium.By)" because "this.driver" is null
at com.automationversion1.testngconcepts.OrangeHRMTest.adminPage(OrangeHRMTest.java:78)
at java.base/java.util.ArrayList.forEach(ArrayList.java:1511)
... Removed 27 stack frames]]>
    </failure>
  </testcase> <!-- adminPage -->
  <testcase classname="com.automationversion1.testngconcepts.OrangeHRMTest" name="leavePage" time="0.0">
    <ignored/>
  </testcase> <!-- leavePage -->
</testsuite> <!-- Test -->
