<?xml version="1.0" encoding="UTF-8"?>
<!-- Generated by org.testng.reporters.JUnitXMLReporter -->
<testsuite ignored="0" hostname="DESKTOP-7EP5NVJ" failures="0" tests="2" name="Default test" time="23.278" errors="0" timestamp="2023-08-07T08:06:38 IST">
  <testcase classname="com.automationversion1.testngconcepts.OrangeHRMTest" name="adminPage" time="1.984"/>
  <testcase classname="com.automationversion1.testngconcepts.OrangeHRMTest" name="leavePage" time="1.941"/>
</testsuite> <!-- Default test -->
